<?xml version="1.0" encoding="UTF-8"?>
<testng-results skipped="0" failed="0" ignored="0" total="1" passed="1">
  <reporter-output>
  </reporter-output>
  <suite name="BNC接口集合" duration-ms="1117" started-at="2021-07-17T16:15:25Z" finished-at="2021-07-17T16:15:26Z">
    <groups>
      <group name="bnc">
        <method signature="TestDemo1.test1()[pri:0, instance:com.course.cases.TestDemo1@1324409e]" name="test1" class="com.course.cases.TestDemo1"/>
      </group> <!-- bnc -->
    </groups>
    <test name="查询在线通知接口" duration-ms="1117" started-at="2021-07-17T16:15:25Z" finished-at="2021-07-17T16:15:26Z">
      <class name="com.course.cases.TestDemo1">
        <test-method status="PASS" signature="BeforeTest()[pri:0, instance:com.course.cases.TestDemo1@1324409e]" name="BeforeTest" is-config="true" duration-ms="570" started-at="2021-07-17T16:15:25Z" description="测试前的准备工作" finished-at="2021-07-17T16:15:25Z">
          <reporter-output>
          </reporter-output>
        </test-method> <!-- BeforeTest -->
        <test-method status="PASS" signature="test1()[pri:0, instance:com.course.cases.TestDemo1@1324409e]" name="test1" duration-ms="534" started-at="2021-07-17T16:15:25Z" finished-at="2021-07-17T16:15:26Z">
          <reporter-output>
          </reporter-output>
        </test-method> <!-- test1 -->
      </class> <!-- com.course.cases.TestDemo1 -->
    </test> <!-- 查询在线通知接口 -->
  </suite> <!-- BNC接口集合 -->
</testng-results>
